-------------------------------------------------------------------------------
Test set: com.zallpy.fileprocessor.FileProcessorApplicationTests
-------------------------------------------------------------------------------
Tests run: 1, Failures: 0, Errors: 1, Skipped: 0, Time elapsed: 23.629 s <<< FAILURE! - in com.zallpy.fileprocessor.FileProcessorApplicationTests
test  Time elapsed: 5.096 s  <<< ERROR!
org.springframework.context.ApplicationContextException: Failed to start bean 'webServerStartStop'; nested exception is org.springframework.boot.web.server.PortInUseException: Port 8097 is already in use
	at com.zallpy.fileprocessor.FileProcessorApplicationTests.test(FileProcessorApplicationTests.java:11)
Caused by: org.springframework.boot.web.server.PortInUseException: Port 8097 is already in use
	at com.zallpy.fileprocessor.FileProcessorApplicationTests.test(FileProcessorApplicationTests.java:11)
Caused by: java.lang.IllegalArgumentException: standardService.connector.startFailed
	at com.zallpy.fileprocessor.FileProcessorApplicationTests.test(FileProcessorApplicationTests.java:11)
Caused by: org.apache.catalina.LifecycleException: Protocol handler start failed
	at com.zallpy.fileprocessor.FileProcessorApplicationTests.test(FileProcessorApplicationTests.java:11)
Caused by: java.net.BindException: Address already in use: bind
	at com.zallpy.fileprocessor.FileProcessorApplicationTests.test(FileProcessorApplicationTests.java:11)

