<?xml version="1.0" encoding="UTF-8"?>
<testsuite xmlns:xsi="http://www.w3.org/2001/XMLSchema-instance" xsi:noNamespaceSchemaLocation="https://maven.apache.org/surefire/maven-surefire-plugin/xsd/surefire-test-report.xsd" name="com.zallpy.fileprocessor.FileProcessorApplicationTests" time="23.629" tests="1" errors="1" skipped="0" failures="0">
  <properties>
[...]
</properties>
  <testcase name="test" classname="com.zallpy.fileprocessor.FileProcessorApplicationTests" time="5.096">
    <error message="Failed to start bean &apos;webServerStartStop&apos;; nested exception is org.springframework.boot.web.server.PortInUseException: Port 8097 is already in use" type="org.springframework.context.ApplicationContextException">org.springframework.context.ApplicationContextException: Failed to start bean 'webServerStartStop'; nested exception is org.springframework.boot.web.server.PortInUseException: Port 8097 is already in use
	at com.zallpy.fileprocessor.FileProcessorApplicationTests.test(FileProcessorApplicationTests.java:11)
Caused by: org.springframework.boot.web.server.PortInUseException: Port 8097 is already in use
	at com.zallpy.fileprocessor.FileProcessorApplicationTests.test(FileProcessorApplicationTests.java:11)
Caused by: java.lang.IllegalArgumentException: standardService.connector.startFailed
	at com.zallpy.fileprocessor.FileProcessorApplicationTests.test(FileProcessorApplicationTests.java:11)
Caused by: org.apache.catalina.LifecycleException: Protocol handler start failed
	at com.zallpy.fileprocessor.FileProcessorApplicationTests.test(FileProcessorApplicationTests.java:11)
Caused by: java.net.BindException: Address already in use: bind
	at com.zallpy.fileprocessor.FileProcessorApplicationTests.test(FileProcessorApplicationTests.java:11)
</error>
    <system-out><![CDATA[02:48:57.703 [main] DEBUG org.springframework.test.context.BootstrapUtils - Instantiating CacheAwareContextLoaderDelegate from class [org.springframework.test.context.cache.DefaultCacheAwareContextLoaderDelegate]
02:48:57.941 [main] DEBUG org.springframework.test.context.BootstrapUtils - Instantiating BootstrapContext using constructor [public org.springframework.test.context.support.DefaultBootstrapContext(java.lang.Class,org.springframework.test.context.CacheAwareContextLoaderDelegate)]
02:48:58.161 [main] DEBUG org.springframework.test.context.BootstrapUtils - Instantiating TestContextBootstrapper for test class [com.zallpy.fileprocessor.FileProcessorApplicationTests] from class [org.springframework.boot.test.context.SpringBootTestContextBootstrapper]
02:48:58.280 [main] INFO org.springframework.boot.test.context.SpringBootTestContextBootstrapper - Neither @ContextConfiguration nor @ContextHierarchy found for test class [com.zallpy.fileprocessor.FileProcessorApplicationTests], using SpringBootContextLoader
02:48:58.297 [main] DEBUG org.springframework.test.context.support.AbstractContextLoader - Did not detect default resource location for test class [com.zallpy.fileprocessor.FileProcessorApplicationTests]: class path resource [com/zallpy/fileprocessor/FileProcessorApplicationTests-context.xml] does not exist
02:48:58.302 [main] DEBUG org.springframework.test.context.support.AbstractContextLoader - Did not detect default resource location for test class [com.zallpy.fileprocessor.FileProcessorApplicationTests]: class path resource [com/zallpy/fileprocessor/FileProcessorApplicationTestsContext.groovy] does not exist
02:48:58.303 [main] INFO org.springframework.test.context.support.AbstractContextLoader - Could not detect default resource locations for test class [com.zallpy.fileprocessor.FileProcessorApplicationTests]: no resource found for suffixes {-context.xml, Context.groovy}.
02:48:58.306 [main] INFO org.springframework.test.context.support.AnnotationConfigContextLoaderUtils - Could not detect default configuration classes for test class [com.zallpy.fileprocessor.FileProcessorApplicationTests]: FileProcessorApplicationTests does not declare any static, non-private, non-final, nested classes annotated with @Configuration.
02:48:58.484 [main] DEBUG org.springframework.test.context.support.ActiveProfilesUtils - Could not find an 'annotation declaring class' for annotation type [org.springframework.test.context.ActiveProfiles] and class [com.zallpy.fileprocessor.FileProcessorApplicationTests]
02:48:58.786 [main] DEBUG org.springframework.context.annotation.ClassPathScanningCandidateComponentProvider - Identified candidate component class: file [C:\Users\rpires\git\teste-para-dev\target\classes\com\zallpy\fileprocessor\FileProcessorApplication.class]
02:48:58.788 [main] INFO org.springframework.boot.test.context.SpringBootTestContextBootstrapper - Found @SpringBootConfiguration com.zallpy.fileprocessor.FileProcessorApplication for test class com.zallpy.fileprocessor.FileProcessorApplicationTests
02:48:59.195 [main] DEBUG org.springframework.boot.test.context.SpringBootTestContextBootstrapper - @TestExecutionListeners is not present for class [com.zallpy.fileprocessor.FileProcessorApplicationTests]: using defaults.
02:48:59.199 [main] INFO org.springframework.boot.test.context.SpringBootTestContextBootstrapper - Loaded default TestExecutionListener class names from location [META-INF/spring.factories]: [org.springframework.boot.test.mock.mockito.MockitoTestExecutionListener, org.springframework.boot.test.mock.mockito.ResetMocksTestExecutionListener, org.springframework.boot.test.autoconfigure.restdocs.RestDocsTestExecutionListener, org.springframework.boot.test.autoconfigure.web.client.MockRestServiceServerResetTestExecutionListener, org.springframework.boot.test.autoconfigure.web.servlet.MockMvcPrintOnlyOnFailureTestExecutionListener, org.springframework.boot.test.autoconfigure.web.servlet.WebDriverTestExecutionListener, org.springframework.boot.test.autoconfigure.webservices.client.MockWebServiceServerTestExecutionListener, org.springframework.test.context.web.ServletTestExecutionListener, org.springframework.test.context.support.DirtiesContextBeforeModesTestExecutionListener, org.springframework.test.context.support.DependencyInjectionTestExecutionListener, org.springframework.test.context.support.DirtiesContextTestExecutionListener, org.springframework.test.context.transaction.TransactionalTestExecutionListener, org.springframework.test.context.jdbc.SqlScriptsTestExecutionListener, org.springframework.test.context.event.EventPublishingTestExecutionListener]
02:48:59.247 [main] INFO org.springframework.boot.test.context.SpringBootTestContextBootstrapper - Using TestExecutionListeners: [org.springframework.test.context.web.ServletTestExecutionListener@3bf01a01, org.springframework.test.context.support.DirtiesContextBeforeModesTestExecutionListener@299cab08, org.springframework.boot.test.mock.mockito.MockitoTestExecutionListener@6c75e3bc, org.springframework.boot.test.autoconfigure.SpringBootDependencyInjectionTestExecutionListener@186f7434, org.springframework.test.context.support.DirtiesContextTestExecutionListener@2374452a, org.springframework.test.context.transaction.TransactionalTestExecutionListener@6ffc6ea7, org.springframework.test.context.jdbc.SqlScriptsTestExecutionListener@2c5708e7, org.springframework.test.context.event.EventPublishingTestExecutionListener@4ffa078d, org.springframework.boot.test.mock.mockito.ResetMocksTestExecutionListener@4e26564d, org.springframework.boot.test.autoconfigure.restdocs.RestDocsTestExecutionListener@42238078, org.springframework.boot.test.autoconfigure.web.client.MockRestServiceServerResetTestExecutionListener@5627b8eb, org.springframework.boot.test.autoconfigure.web.servlet.MockMvcPrintOnlyOnFailureTestExecutionListener@49fe0bcd, org.springframework.boot.test.autoconfigure.web.servlet.WebDriverTestExecutionListener@3516b881, org.springframework.boot.test.autoconfigure.webservices.client.MockWebServiceServerTestExecutionListener@6be8ce1b]
02:48:59.267 [main] DEBUG org.springframework.test.context.support.AbstractDirtiesContextTestExecutionListener - Before test class: context [DefaultTestContext@4bc21e34 testClass = FileProcessorApplicationTests, testInstance = [null], testMethod = [null], testException = [null], mergedContextConfiguration = [WebMergedContextConfiguration@7544260a testClass = FileProcessorApplicationTests, locations = '{}', classes = '{class com.zallpy.fileprocessor.FileProcessorApplication}', contextInitializerClasses = '[]', activeProfiles = '{}', propertySourceLocations = '{}', propertySourceProperties = '{org.springframework.boot.test.context.SpringBootTestContextBootstrapper=true}', contextCustomizers = set[org.springframework.boot.test.context.filter.ExcludeFilterContextCustomizer@fd09e43, org.springframework.boot.test.json.DuplicateJsonObjectContextCustomizerFactory$DuplicateJsonObjectContextCustomizer@413bef78, org.springframework.boot.test.mock.mockito.MockitoContextCustomizer@0, org.springframework.boot.test.web.client.TestRestTemplateContextCustomizer@7412a438, org.springframework.boot.test.autoconfigure.properties.PropertyMappingContextCustomizer@0, org.springframework.boot.test.autoconfigure.web.servlet.WebDriverContextCustomizerFactory$Customizer@21ae657b, org.springframework.boot.test.context.SpringBootTestArgs@1], resourceBasePath = 'src/main/webapp', contextLoader = 'org.springframework.boot.test.context.SpringBootContextLoader', parent = [null]], attributes = map['org.springframework.test.context.web.ServletTestExecutionListener.activateListener' -> true]], class annotated with @DirtiesContext [false] with mode [null].
02:48:59.422 [main] DEBUG org.springframework.test.context.support.TestPropertySourceUtils - Adding inlined properties to environment: {spring.jmx.enabled=false, org.springframework.boot.test.context.SpringBootTestContextBootstrapper=true}
2020-11-05 02:49:00.511  INFO 1656 --- [           main] c.z.f.FileProcessorApplicationTests      : Starting FileProcessorApplicationTests on CPQI-FOR-06 with PID 1656 (started by rpires in C:\Users\rpires\git\teste-para-dev)
2020-11-05 02:49:00.525  INFO 1656 --- [           main] c.z.f.FileProcessorApplicationTests      : No active profile set, falling back to default profiles: default
2020-11-05 02:49:05.298  INFO 1656 --- [           main] trationDelegate$BeanPostProcessorChecker : Bean 'org.apache.camel.spring.boot.CamelAutoConfiguration' of type [org.apache.camel.spring.boot.CamelAutoConfiguration$$EnhancerBySpringCGLIB$$1d5b882d] is not eligible for getting processed by all BeanPostProcessors (for example: not eligible for auto-proxying)
2020-11-05 02:49:07.905  INFO 1656 --- [           main] o.s.s.concurrent.ThreadPoolTaskExecutor  : Initializing ExecutorService 'applicationTaskExecutor'
2020-11-05 02:49:10.874  INFO 1656 --- [           main] o.a.c.i.converter.DefaultTypeConverter   : Type converters loaded (core: 195, classpath: 1)
2020-11-05 02:49:13.587  INFO 1656 --- [           main] c.z.fileprocessor.processor.FileRoute    : Configurando observer. Pasta de origem: file:C:\Users\rpires\data\in?move=done&filter=#myFilter. Pasta de destino: file:C:\Users\rpires\data\out.
2020-11-05 02:49:13.588  INFO 1656 --- [           main] c.z.fileprocessor.processor.FileRoute    : Configurando observer. Pasta de origem: file:C:\Users\rpires\data\in?move=done&filter=#myFilter. Pasta de destino: file:C:\Users\rpires\data\out.
2020-11-05 02:49:13.902  INFO 1656 --- [           main] o.a.camel.spring.boot.RoutesCollector    : Loading additional Camel XML routes from: classpath:camel/*.xml
2020-11-05 02:49:13.904  INFO 1656 --- [           main] o.a.camel.spring.boot.RoutesCollector    : Loading additional Camel XML rests from: classpath:camel-rest/*.xml
2020-11-05 02:49:13.942  INFO 1656 --- [           main] o.a.camel.spring.SpringCamelContext      : Apache Camel 2.25.1 (CamelContext: camel-1) is starting
2020-11-05 02:49:13.944  INFO 1656 --- [           main] o.a.c.m.ManagedManagementStrategy        : JMX is enabled
2020-11-05 02:49:15.155  INFO 1656 --- [           main] o.a.camel.spring.SpringCamelContext      : StreamCaching is not in use. If using streams then its recommended to enable stream caching. See more details at http://camel.apache.org/stream-caching.html
2020-11-05 02:49:15.434  INFO 1656 --- [           main] o.a.camel.spring.SpringCamelContext      : Route: route1 started and consuming from: file://C:%5CUsers%5Crpires%5Cdata%5Cin?filter=%23myFilter&move=done
2020-11-05 02:49:15.435  INFO 1656 --- [           main] o.a.camel.spring.SpringCamelContext      : Total 1 routes, of which 1 are started
2020-11-05 02:49:15.437  INFO 1656 --- [           main] o.a.camel.spring.SpringCamelContext      : Apache Camel 2.25.1 (CamelContext: camel-1) started in 1.517 seconds
2020-11-05 02:49:15.447  INFO 1656 --- [           main] c.z.f.FileProcessorApplicationTests      : Started FileProcessorApplicationTests in 15.991 seconds (JVM running for 21.484)
]]></system-out>
  </testcase>
</testsuite>